TN:
SF:src/TokenGuardian.ts
FN:31,(anonymous_1)
FN:60,(anonymous_2)
FN:69,(anonymous_3)
FN:93,(anonymous_4)
FN:101,(anonymous_5)
FN:114,(anonymous_6)
FN:127,(anonymous_7)
FN:139,(anonymous_8)
FN:184,(anonymous_9)
FN:204,(anonymous_10)
FN:248,(anonymous_11)
FN:257,(anonymous_12)
FN:279,(anonymous_13)
FN:288,(anonymous_14)
FN:300,(anonymous_15)
FNF:15
FNH:10
FNDA:6,(anonymous_1)
FNDA:0,(anonymous_2)
FNDA:1,(anonymous_3)
FNDA:1,(anonymous_4)
FNDA:0,(anonymous_5)
FNDA:2,(anonymous_6)
FNDA:1,(anonymous_7)
FNDA:1,(anonymous_8)
FNDA:1,(anonymous_9)
FNDA:1,(anonymous_10)
FNDA:0,(anonymous_11)
FNDA:1,(anonymous_12)
FNDA:0,(anonymous_13)
FNDA:0,(anonymous_14)
FNDA:1,(anonymous_15)
DA:1,1
DA:2,1
DA:7,1
DA:8,1
DA:9,1
DA:10,1
DA:11,1
DA:12,1
DA:17,1
DA:32,6
DA:33,6
DA:34,0
DA:37,6
DA:45,6
DA:46,6
DA:47,6
DA:48,6
DA:49,6
DA:50,6
DA:51,6
DA:53,6
DA:61,0
DA:70,1
DA:71,1
DA:73,1
DA:75,1
DA:77,0
DA:79,0
DA:81,0
DA:83,0
DA:95,1
DA:98,1
DA:101,1
DA:102,0
DA:104,0
DA:107,1
DA:115,2
DA:116,2
DA:117,0
DA:118,0
DA:128,1
DA:129,1
DA:140,1
DA:142,1
DA:150,1
DA:151,1
DA:152,0
DA:156,1
DA:157,1
DA:158,1
DA:159,1
DA:163,1
DA:164,1
DA:165,0
DA:166,0
DA:170,1
DA:171,1
DA:172,1
DA:175,1
DA:176,1
DA:185,1
DA:186,1
DA:188,1
DA:189,0
DA:190,0
DA:194,1
DA:196,1
DA:205,1
DA:207,1
DA:208,1
DA:209,0
DA:210,0
DA:217,1
DA:219,1
DA:221,1
DA:224,1
DA:225,1
DA:228,1
DA:229,1
DA:230,0
DA:231,0
DA:238,0
DA:241,1
DA:249,0
DA:258,1
DA:261,1
DA:264,1
DA:265,1
DA:266,0
DA:267,0
DA:270,1
DA:271,1
DA:280,0
DA:289,0
DA:290,0
DA:291,0
DA:301,1
LF:97
LH:70
BRDA:31,0,0,0
BRDA:32,1,0,6
BRDA:32,1,1,0
BRDA:33,2,0,0
BRDA:33,3,0,6
BRDA:33,3,1,6
BRDA:33,3,2,0
BRDA:33,3,3,0
BRDA:38,4,0,6
BRDA:38,4,1,0
BRDA:39,5,0,6
BRDA:39,5,1,0
BRDA:40,6,0,6
BRDA:40,6,1,0
BRDA:41,7,0,6
BRDA:41,7,1,0
BRDA:73,8,0,1
BRDA:73,8,1,0
BRDA:73,8,2,0
BRDA:73,8,3,0
BRDA:73,8,4,0
BRDA:116,9,0,0
BRDA:139,10,0,1
BRDA:143,11,0,0
BRDA:143,11,1,1
BRDA:144,12,0,1
BRDA:144,12,1,1
BRDA:145,13,0,0
BRDA:145,13,1,1
BRDA:146,14,0,1
BRDA:146,14,1,1
BRDA:151,15,0,0
BRDA:151,16,0,1
BRDA:151,16,1,0
BRDA:157,17,0,1
BRDA:164,18,0,0
BRDA:170,19,0,1
BRDA:188,20,0,0
BRDA:208,21,0,0
BRDA:219,22,0,1
BRDA:219,22,1,0
BRDA:219,23,0,1
BRDA:219,23,1,1
BRDA:224,24,0,1
BRDA:229,25,0,0
BRDA:265,26,0,0
BRF:46
BRH:22
end_of_record
TN:
SF:src/canary/CanaryService.ts
FN:56,(anonymous_1)
FN:66,(anonymous_2)
FN:75,(anonymous_3)
FN:85,(anonymous_4)
FN:114,(anonymous_5)
FN:131,(anonymous_6)
FN:174,(anonymous_7)
FN:211,(anonymous_8)
FN:231,(anonymous_9)
FN:268,(anonymous_10)
FN:309,(anonymous_11)
FN:337,(anonymous_12)
FN:426,(anonymous_13)
FN:464,(anonymous_14)
FN:507,(anonymous_15)
FN:542,(anonymous_16)
FN:591,(anonymous_17)
FN:613,(anonymous_18)
FN:627,(anonymous_19)
FN:635,(anonymous_20)
FN:645,(anonymous_21)
FN:669,(anonymous_22)
FN:681,(anonymous_23)
FN:727,(anonymous_24)
FN:735,(anonymous_25)
FN:736,(anonymous_26)
FNF:26
FNH:9
FNDA:5,(anonymous_1)
FNDA:0,(anonymous_2)
FNDA:0,(anonymous_3)
FNDA:3,(anonymous_4)
FNDA:2,(anonymous_5)
FNDA:1,(anonymous_6)
FNDA:0,(anonymous_7)
FNDA:0,(anonymous_8)
FNDA:0,(anonymous_9)
FNDA:0,(anonymous_10)
FNDA:0,(anonymous_11)
FNDA:3,(anonymous_12)
FNDA:0,(anonymous_13)
FNDA:0,(anonymous_14)
FNDA:0,(anonymous_15)
FNDA:1,(anonymous_16)
FNDA:0,(anonymous_17)
FNDA:1,(anonymous_18)
FNDA:0,(anonymous_19)
FNDA:0,(anonymous_20)
FNDA:1,(anonymous_21)
FNDA:1,(anonymous_22)
FNDA:0,(anonymous_23)
FNDA:0,(anonymous_24)
FNDA:0,(anonymous_25)
FNDA:0,(anonymous_26)
DA:1,2
DA:2,2
DA:3,2
DA:46,2
DA:49,5
DA:50,5
DA:57,5
DA:58,5
DA:59,5
DA:67,0
DA:76,0
DA:86,3
DA:87,1
DA:91,2
DA:94,2
DA:97,2
DA:99,1
DA:100,1
DA:102,0
DA:105,1
DA:115,2
DA:116,2
DA:118,2
DA:132,1
DA:133,1
DA:136,1
DA:138,1
DA:140,1
DA:144,1
DA:147,1
DA:155,1
DA:159,0
DA:160,0
DA:164,0
DA:176,0
DA:177,0
DA:180,0
DA:182,0
DA:185,0
DA:189,0
DA:192,0
DA:196,0
DA:202,0
DA:213,0
DA:215,0
DA:216,0
DA:218,0
DA:221,0
DA:232,0
DA:234,0
DA:237,0
DA:240,0
DA:241,0
DA:244,0
DA:245,0
DA:247,0
DA:252,0
DA:255,0
DA:256,0
DA:271,0
DA:274,0
DA:281,0
DA:283,0
DA:284,0
DA:285,0
DA:286,0
DA:289,0
DA:290,0
DA:292,0
DA:298,0
DA:300,0
DA:314,0
DA:318,0
DA:319,0
DA:320,0
DA:323,0
DA:324,0
DA:329,0
DA:338,3
DA:339,1
DA:343,2
DA:344,1
DA:345,1
DA:348,1
DA:349,1
DA:350,1
DA:352,1
DA:354,1
DA:355,1
DA:356,1
DA:358,1
DA:362,0
DA:363,0
DA:364,0
DA:365,0
DA:366,0
DA:368,0
DA:374,1
DA:376,0
DA:377,0
DA:378,0
DA:379,0
DA:380,0
DA:381,0
DA:383,0
DA:388,1
DA:390,0
DA:391,0
DA:392,0
DA:393,0
DA:394,0
DA:395,0
DA:397,0
DA:404,1
DA:405,1
DA:406,1
DA:407,0
DA:408,0
DA:409,0
DA:411,0
DA:418,1
DA:427,0
DA:429,0
DA:430,0
DA:431,0
DA:432,0
DA:435,0
DA:437,0
DA:440,0
DA:443,0
DA:444,0
DA:447,0
DA:449,0
DA:453,0
DA:455,0
DA:465,0
DA:467,0
DA:470,0
DA:473,0
DA:474,0
DA:477,0
DA:478,0
DA:480,0
DA:486,0
DA:489,0
DA:490,0
DA:491,0
DA:492,0
DA:496,0
DA:498,0
DA:508,0
DA:510,0
DA:513,0
DA:515,0
DA:518,0
DA:519,0
DA:526,0
DA:527,0
DA:531,0
DA:533,0
DA:543,1
DA:545,1
DA:546,1
DA:548,1
DA:551,0
DA:554,0
DA:555,0
DA:556,0
DA:560,0
DA:561,0
DA:562,0
DA:563,0
DA:564,0
DA:569,0
DA:572,0
DA:574,0
DA:575,0
DA:579,0
DA:581,0
DA:592,0
DA:593,0
DA:595,0
DA:596,0
DA:597,0
DA:602,0
DA:604,0
DA:614,1
DA:623,1
DA:626,1
DA:627,0
DA:628,0
DA:633,1
DA:634,1
DA:635,0
DA:636,0
DA:647,1
DA:653,1
DA:657,1
DA:670,1
DA:671,0
DA:674,1
DA:682,0
DA:684,0
DA:728,0
DA:736,0
DA:737,0
LF:206
LH:61
BRDA:86,0,0,1
BRDA:97,1,0,1
BRDA:97,1,1,1
BRDA:97,2,0,2
BRDA:97,2,1,1
BRDA:100,3,0,0
BRDA:100,3,1,1
BRDA:180,4,0,0
BRDA:189,5,0,0
BRDA:189,5,1,0
BRDA:213,6,0,0
BRDA:213,6,1,0
BRDA:216,7,0,0
BRDA:216,7,1,0
BRDA:237,8,0,0
BRDA:245,9,0,0
BRDA:284,10,0,0
BRDA:289,11,0,0
BRDA:289,11,1,0
BRDA:289,12,0,0
BRDA:289,12,1,0
BRDA:324,13,0,0
BRDA:324,13,1,0
BRDA:338,14,0,1
BRDA:343,15,0,1
BRDA:343,15,1,1
BRDA:343,16,0,2
BRDA:343,16,1,1
BRDA:352,17,0,1
BRDA:352,18,0,1
BRDA:352,18,1,1
BRDA:354,19,0,1
BRDA:354,19,1,0
BRDA:355,20,0,1
BRDA:363,21,0,0
BRDA:363,22,0,0
BRDA:363,22,1,0
BRDA:364,23,0,0
BRDA:364,23,1,0
BRDA:365,24,0,0
BRDA:374,25,0,0
BRDA:374,25,1,1
BRDA:378,26,0,0
BRDA:378,27,0,0
BRDA:378,27,1,0
BRDA:379,28,0,0
BRDA:379,28,1,0
BRDA:380,29,0,0
BRDA:388,30,0,0
BRDA:388,30,1,1
BRDA:392,31,0,0
BRDA:392,32,0,0
BRDA:392,32,1,0
BRDA:393,33,0,0
BRDA:393,33,1,0
BRDA:394,34,0,0
BRDA:406,35,0,0
BRDA:406,36,0,1
BRDA:406,36,1,0
BRDA:407,37,0,0
BRDA:407,37,1,0
BRDA:408,38,0,0
BRDA:431,39,0,0
BRDA:431,39,1,0
BRDA:437,40,0,0
BRDA:470,41,0,0
BRDA:478,42,0,0
BRDA:491,43,0,0
BRDA:513,44,0,0
BRDA:526,45,0,0
BRDA:548,46,0,1
BRDA:556,47,0,0
BRDA:556,47,1,0
BRDA:562,48,0,0
BRDA:574,49,0,0
BRDA:574,50,0,0
BRDA:574,50,1,0
BRDA:596,51,0,0
BRDA:626,52,0,0
BRDA:634,53,0,0
BRDA:647,54,0,1
BRDA:647,54,1,1
BRDA:647,54,2,1
BRDA:647,54,3,1
BRDA:653,55,0,1
BRDA:653,55,1,1
BRDA:653,55,2,1
BRDA:670,56,0,0
BRDA:682,57,0,0
BRF:89
BRH:27
end_of_record
TN:
SF:src/errors/RotationError.ts
FN:5,(anonymous_0)
FN:20,(anonymous_1)
FN:27,(anonymous_2)
FN:34,(anonymous_3)
FNF:4
FNH:0
FNDA:0,(anonymous_0)
FNDA:0,(anonymous_1)
FNDA:0,(anonymous_2)
FNDA:0,(anonymous_3)
DA:4,1
DA:7,0
DA:8,0
DA:10,0
DA:11,0
DA:14,0
DA:21,0
DA:28,0
DA:35,0
LF:9
LH:1
BRDA:7,0,0,0
BRF:1
BRH:0
end_of_record
TN:
SF:src/fingerprinting/TokenFingerprinter.ts
FN:55,(anonymous_1)
FN:66,(anonymous_2)
FN:80,(anonymous_3)
FN:109,(anonymous_4)
FN:126,(anonymous_5)
FN:151,(anonymous_6)
FN:158,(anonymous_7)
FN:202,(anonymous_8)
FN:212,(anonymous_9)
FN:225,(anonymous_10)
FN:234,(anonymous_11)
FNF:11
FNH:0
FNDA:0,(anonymous_1)
FNDA:0,(anonymous_2)
FNDA:0,(anonymous_3)
FNDA:0,(anonymous_4)
FNDA:0,(anonymous_5)
FNDA:0,(anonymous_6)
FNDA:0,(anonymous_7)
FNDA:0,(anonymous_8)
FNDA:0,(anonymous_9)
FNDA:0,(anonymous_10)
FNDA:0,(anonymous_11)
DA:1,0
DA:2,0
DA:50,0
DA:56,0
DA:57,0
DA:58,0
DA:67,0
DA:81,0
DA:83,0
DA:84,0
DA:98,0
DA:101,0
DA:110,0
DA:111,0
DA:112,0
DA:113,0
DA:117,0
DA:120,0
DA:121,0
DA:122,0
DA:125,0
DA:126,0
DA:127,0
DA:130,0
DA:131,0
DA:132,0
DA:136,0
DA:138,0
DA:152,0
DA:153,0
DA:156,0
DA:157,0
DA:158,0
DA:159,0
DA:161,0
DA:162,0
DA:171,0
DA:172,0
DA:179,0
DA:180,0
DA:187,0
DA:188,0
DA:189,0
DA:190,0
DA:203,0
DA:213,0
DA:214,0
DA:216,0
DA:217,0
DA:226,0
DA:227,0
DA:235,0
DA:236,0
DA:237,0
DA:238,0
LF:55
LH:0
BRDA:55,0,0,0
BRDA:56,1,0,0
BRDA:56,1,1,0
BRDA:83,2,0,0
BRDA:111,3,0,0
BRDA:127,4,0,0
BRDA:127,4,1,0
BRDA:131,5,0,0
BRDA:153,6,0,0
BRDA:157,7,0,0
BRDA:161,8,0,0
BRDA:171,9,0,0
BRDA:179,10,0,0
BRDA:189,11,0,0
BRDA:189,12,0,0
BRDA:189,12,1,0
BRDA:203,13,0,0
BRDA:203,13,1,0
BRDA:214,14,0,0
BRDA:217,15,0,0
BRDA:217,15,1,0
BRDA:227,16,0,0
BRDA:227,16,1,0
BRDA:236,17,0,0
BRF:24
BRH:0
end_of_record
TN:
SF:src/interfaces/Rotation.ts
FN:6,(anonymous_0)
FNF:1
FNH:0
FNDA:0,(anonymous_0)
DA:6,0
DA:7,0
DA:8,0
DA:9,0
LF:4
LH:0
BRDA:6,0,0,0
BRDA:6,0,1,0
BRF:2
BRH:0
end_of_record
TN:
SF:src/rotation/TokenRotator.ts
FN:13,(anonymous_0)
FN:22,(anonymous_1)
FN:40,(anonymous_2)
FN:48,(anonymous_3)
FN:59,(anonymous_4)
FNF:5
FNH:0
FNDA:0,(anonymous_0)
FNDA:0,(anonymous_1)
FNDA:0,(anonymous_2)
FNDA:0,(anonymous_3)
FNDA:0,(anonymous_4)
DA:1,1
DA:3,1
DA:9,1
DA:14,0
DA:15,0
DA:16,0
DA:23,0
DA:41,0
DA:42,0
DA:49,0
DA:50,0
DA:51,0
DA:53,0
DA:60,0
DA:61,0
LF:15
LH:3
BRDA:24,0,0,0
BRDA:24,0,1,0
BRDA:48,1,0,0
BRDA:50,2,0,0
BRF:4
BRH:0
end_of_record
TN:
SF:src/rotation/services/AWSRotator.ts
FN:22,(anonymous_1)
FN:36,(anonymous_2)
FN:67,(anonymous_3)
FN:128,(anonymous_4)
FN:173,(anonymous_5)
FN:222,(anonymous_6)
FN:273,(anonymous_7)
FN:310,(anonymous_8)
FN:336,(anonymous_9)
FN:348,(anonymous_10)
FN:353,(anonymous_11)
FN:358,(anonymous_12)
FN:360,(anonymous_13)
FN:365,(anonymous_14)
FN:385,(anonymous_15)
FN:395,(anonymous_16)
FN:406,(anonymous_17)
FNF:17
FNH:0
FNDA:0,(anonymous_1)
FNDA:0,(anonymous_2)
FNDA:0,(anonymous_3)
FNDA:0,(anonymous_4)
FNDA:0,(anonymous_5)
FNDA:0,(anonymous_6)
FNDA:0,(anonymous_7)
FNDA:0,(anonymous_8)
FNDA:0,(anonymous_9)
FNDA:0,(anonymous_10)
FNDA:0,(anonymous_11)
FNDA:0,(anonymous_12)
FNDA:0,(anonymous_13)
FNDA:0,(anonymous_14)
FNDA:0,(anonymous_15)
FNDA:0,(anonymous_16)
FNDA:0,(anonymous_17)
DA:3,0
DA:4,0
DA:22,0
DA:24,0
DA:26,0
DA:28,0
DA:37,0
DA:39,0
DA:41,0
DA:42,0
DA:51,0
DA:52,0
DA:54,0
DA:63,0
DA:65,0
DA:67,0
DA:68,0
DA:69,0
DA:74,0
DA:75,0
DA:78,0
DA:79,0
DA:82,0
DA:83,0
DA:88,0
DA:98,0
DA:99,0
DA:102,0
DA:107,0
DA:114,0
DA:129,0
DA:130,0
DA:132,0
DA:148,0
DA:150,0
DA:156,0
DA:157,0
DA:159,0
DA:160,0
DA:163,0
DA:174,0
DA:175,0
DA:177,0
DA:194,0
DA:196,0
DA:202,0
DA:203,0
DA:206,0
DA:208,0
DA:209,0
DA:212,0
DA:223,0
DA:224,0
DA:226,0
DA:243,0
DA:245,0
DA:251,0
DA:253,0
DA:254,0
DA:256,0
DA:257,0
DA:260,0
DA:274,0
DA:275,0
DA:277,0
DA:295,0
DA:297,0
DA:311,0
DA:312,0
DA:315,0
DA:318,0
DA:319,0
DA:327,0
DA:328,0
DA:329,0
DA:330,0
DA:331,0
DA:334,0
DA:336,0
DA:340,0
DA:350,0
DA:351,0
DA:353,0
DA:357,0
DA:358,0
DA:360,0
DA:364,0
DA:365,0
DA:370,0
DA:386,0
DA:396,0
DA:397,0
DA:407,0
DA:408,0
LF:94
LH:0
BRDA:41,0,0,0
BRDA:41,1,0,0
BRDA:41,1,1,0
BRDA:56,2,0,0
BRDA:56,2,1,0
BRDA:65,3,0,0
BRDA:68,4,0,0
BRDA:90,5,0,0
BRDA:90,5,1,0
BRDA:116,6,0,0
BRDA:116,6,1,0
BRDA:159,7,0,0
BRDA:159,8,0,0
BRDA:159,8,1,0
BRDA:256,9,0,0
BRDA:256,10,0,0
BRDA:256,10,1,0
BRDA:256,10,2,0
BRDA:256,10,3,0
BRDA:350,11,0,0
BRDA:350,11,1,0
BRDA:396,12,0,0
BRDA:396,12,1,0
BRDA:407,13,0,0
BRDA:407,13,1,0
BRF:25
BRH:0
end_of_record
TN:
SF:src/rotation/services/DefaultRotator.ts
FN:16,(anonymous_0)
FN:36,(anonymous_1)
FN:86,(anonymous_2)
FN:111,(anonymous_3)
FNF:4
FNH:0
FNDA:0,(anonymous_0)
FNDA:0,(anonymous_1)
FNDA:0,(anonymous_2)
FNDA:0,(anonymous_3)
DA:1,1
DA:6,1
DA:7,1
DA:12,1
DA:17,0
DA:18,0
DA:37,0
DA:39,0
DA:40,0
DA:41,0
DA:45,0
DA:48,0
DA:49,0
DA:50,0
DA:53,0
DA:64,0
DA:65,0
DA:73,0
DA:87,0
DA:88,0
DA:95,0
DA:101,0
DA:112,0
DA:117,0
DA:123,0
DA:124,0
DA:126,0
LF:27
LH:4
BRDA:20,0,0,0
BRDA:20,0,1,0
BRDA:21,1,0,0
BRDA:21,1,1,0
BRDA:22,2,0,0
BRDA:22,2,1,0
BRDA:23,3,0,0
BRDA:23,3,1,0
BRDA:25,4,0,0
BRDA:25,4,1,0
BRDA:26,5,0,0
BRDA:26,5,1,0
BRDA:27,6,0,0
BRDA:27,6,1,0
BRDA:28,7,0,0
BRDA:28,7,1,0
BRDA:40,8,0,0
BRDA:49,9,0,0
BRDA:57,10,0,0
BRDA:57,10,1,0
BRDA:64,11,0,0
BRDA:77,12,0,0
BRDA:77,12,1,0
BRDA:89,13,0,0
BRDA:89,13,1,0
BRDA:90,14,0,0
BRDA:90,14,1,0
BRDA:103,15,0,0
BRDA:103,15,1,0
BRDA:111,16,0,0
BRDA:127,17,0,0
BRDA:127,17,1,0
BRF:32
BRH:0
end_of_record
TN:
SF:src/rotation/services/GitHubRotator.ts
FN:70,(anonymous_1)
FN:99,(anonymous_2)
FN:104,(anonymous_3)
FN:138,(anonymous_4)
FN:174,(anonymous_5)
FN:189,(anonymous_6)
FN:215,(anonymous_7)
FN:220,(anonymous_8)
FN:245,(anonymous_9)
FN:262,(anonymous_10)
FN:291,(anonymous_11)
FN:353,(anonymous_12)
FN:415,(anonymous_13)
FN:441,(anonymous_14)
FN:490,(anonymous_15)
FN:502,(anonymous_16)
FN:526,(anonymous_17)
FN:555,(anonymous_18)
FN:599,(anonymous_19)
FN:643,(anonymous_20)
FN:781,(anonymous_21)
FN:790,(anonymous_22)
FN:793,(anonymous_23)
FNF:23
FNH:0
FNDA:0,(anonymous_1)
FNDA:0,(anonymous_2)
FNDA:0,(anonymous_3)
FNDA:0,(anonymous_4)
FNDA:0,(anonymous_5)
FNDA:0,(anonymous_6)
FNDA:0,(anonymous_7)
FNDA:0,(anonymous_8)
FNDA:0,(anonymous_9)
FNDA:0,(anonymous_10)
FNDA:0,(anonymous_11)
FNDA:0,(anonymous_12)
FNDA:0,(anonymous_13)
FNDA:0,(anonymous_14)
FNDA:0,(anonymous_15)
FNDA:0,(anonymous_16)
FNDA:0,(anonymous_17)
FNDA:0,(anonymous_18)
FNDA:0,(anonymous_19)
FNDA:0,(anonymous_20)
FNDA:0,(anonymous_21)
FNDA:0,(anonymous_22)
FNDA:0,(anonymous_23)
DA:1,0
DA:4,0
DA:56,0
DA:57,0
DA:58,0
DA:75,0
DA:78,0
DA:87,0
DA:98,0
DA:101,0
DA:102,0
DA:105,0
DA:106,0
DA:110,0
DA:115,0
DA:139,0
DA:141,0
DA:146,0
DA:155,0
DA:156,0
DA:163,0
DA:166,0
DA:175,0
DA:190,0
DA:193,0
DA:194,0
DA:197,0
DA:198,0
DA:199,0
DA:200,0
DA:201,0
DA:202,0
DA:207,0
DA:218,0
DA:220,0
DA:221,0
DA:222,0
DA:224,0
DA:228,0
DA:234,0
DA:235,0
DA:236,0
DA:238,0
DA:245,0
DA:246,0
DA:250,0
DA:254,0
DA:263,0
DA:264,0
DA:272,0
DA:273,0
DA:274,0
DA:276,0
DA:278,0
DA:279,0
DA:280,0
DA:282,0
DA:292,0
DA:293,0
DA:296,0
DA:297,0
DA:299,0
DA:314,0
DA:316,0
DA:317,0
DA:322,0
DA:323,0
DA:324,0
DA:327,0
DA:336,0
DA:341,0
DA:343,0
DA:344,0
DA:354,0
DA:355,0
DA:358,0
DA:359,0
DA:361,0
DA:376,0
DA:378,0
DA:379,0
DA:384,0
DA:385,0
DA:386,0
DA:389,0
DA:398,0
DA:403,0
DA:405,0
DA:406,0
DA:416,0
DA:417,0
DA:418,0
DA:419,0
DA:420,0
DA:423,0
DA:424,0
DA:425,0
DA:427,0
DA:429,0
DA:430,0
DA:432,0
DA:448,0
DA:449,0
DA:451,0
DA:459,0
DA:461,0
DA:467,0
DA:474,0
DA:475,0
DA:477,0
DA:491,0
DA:492,0
DA:494,0
DA:503,0
DA:504,0
DA:507,0
DA:510,0
DA:518,0
DA:528,0
DA:529,0
DA:533,0
DA:534,0
DA:535,0
DA:538,0
DA:539,0
DA:540,0
DA:542,0
DA:544,0
DA:560,0
DA:561,0
DA:574,0
DA:579,0
DA:584,0
DA:589,0
DA:600,0
DA:602,0
DA:603,0
DA:611,0
DA:612,0
DA:613,0
DA:618,0
DA:626,0
DA:627,0
DA:629,0
DA:633,0
DA:644,0
DA:646,0
DA:647,0
DA:649,0
DA:650,0
DA:651,0
DA:652,0
DA:654,0
DA:660,0
DA:661,0
DA:666,0
DA:667,0
DA:673,0
DA:676,0
DA:677,0
DA:678,0
DA:686,0
DA:688,0
DA:697,0
DA:699,0
DA:705,0
DA:706,0
DA:708,0
DA:714,0
DA:715,0
DA:720,0
DA:729,0
DA:730,0
DA:731,0
DA:733,0
DA:734,0
DA:735,0
DA:742,0
DA:747,0
DA:748,0
DA:754,0
DA:764,0
DA:765,0
DA:766,0
DA:769,0
DA:772,0
DA:781,0
DA:782,0
DA:785,0
DA:786,0
DA:789,0
DA:790,0
DA:793,0
DA:794,0
DA:799,0
DA:802,0
DA:808,0
DA:809,0
DA:818,0
DA:829,0
DA:831,0
DA:832,0
DA:833,0
DA:836,0
DA:837,0
DA:841,0
DA:842,0
DA:845,0
DA:846,0
DA:848,0
DA:849,0
DA:851,0
DA:853,0
DA:854,0
DA:857,0
DA:862,0
LF:216
LH:0
BRDA:79,0,0,0
BRDA:79,0,1,0
BRDA:80,1,0,0
BRDA:80,1,1,0
BRDA:81,2,0,0
BRDA:81,2,1,0
BRDA:82,3,0,0
BRDA:82,3,1,0
BRDA:83,4,0,0
BRDA:83,4,1,0
BRDA:105,5,0,0
BRDA:141,6,0,0
BRDA:142,7,0,0
BRDA:142,7,1,0
BRDA:142,7,2,0
BRDA:150,8,0,0
BRDA:150,8,1,0
BRDA:151,9,0,0
BRDA:151,9,1,0
BRDA:155,10,0,0
BRDA:176,11,0,0
BRDA:176,11,1,0
BRDA:176,11,2,0
BRDA:176,11,3,0
BRDA:197,12,0,0
BRDA:197,13,0,0
BRDA:197,13,1,0
BRDA:199,14,0,0
BRDA:201,15,0,0
BRDA:228,16,0,0
BRDA:228,16,1,0
BRDA:228,16,2,0
BRDA:228,16,3,0
BRDA:234,17,0,0
BRDA:273,18,0,0
BRDA:273,18,1,0
BRDA:279,19,0,0
BRDA:292,20,0,0
BRDA:297,21,0,0
BRDA:297,21,1,0
BRDA:316,22,0,0
BRDA:322,23,0,0
BRDA:332,24,0,0
BRDA:332,24,1,0
BRDA:333,25,0,0
BRDA:333,25,1,0
BRDA:354,26,0,0
BRDA:359,27,0,0
BRDA:359,27,1,0
BRDA:378,28,0,0
BRDA:384,29,0,0
BRDA:391,30,0,0
BRDA:391,30,1,0
BRDA:394,31,0,0
BRDA:394,31,1,0
BRDA:395,32,0,0
BRDA:395,32,1,0
BRDA:416,33,0,0
BRDA:416,33,1,0
BRDA:417,34,0,0
BRDA:417,34,1,0
BRDA:419,35,0,0
BRDA:419,35,1,0
BRDA:420,36,0,0
BRDA:420,36,1,0
BRDA:424,37,0,0
BRDA:424,37,1,0
BRDA:429,38,0,0
BRDA:429,38,1,0
BRDA:491,39,0,0
BRDA:503,40,0,0
BRDA:507,41,0,0
BRDA:507,41,1,0
BRDA:528,42,0,0
BRDA:533,43,0,0
BRDA:611,44,0,0
BRDA:611,45,0,0
BRDA:611,45,1,0
BRDA:666,46,0,0
BRDA:666,47,0,0
BRDA:666,47,1,0
BRDA:676,48,0,0
BRDA:733,49,0,0
BRDA:769,50,0,0
BRDA:769,50,1,0
BRDA:769,51,0,0
BRDA:769,51,1,0
BRDA:782,52,0,0
BRDA:782,52,1,0
BRDA:782,52,2,0
BRDA:785,53,0,0
BRDA:785,53,1,0
BRDA:820,54,0,0
BRDA:820,54,1,0
BRDA:825,55,0,0
BRDA:825,55,1,0
BRDA:831,56,0,0
BRDA:831,56,1,0
BRDA:832,57,0,0
BRDA:832,57,1,0
BRDA:833,58,0,0
BRDA:833,58,1,0
BRDA:836,59,0,0
BRDA:841,60,0,0
BRDA:841,60,1,0
BRDA:841,61,0,0
BRDA:841,61,1,0
BRDA:845,62,0,0
BRDA:848,63,0,0
BRDA:848,63,1,0
BRDA:853,64,0,0
BRDA:859,65,0,0
BRDA:859,65,1,0
BRF:113
BRH:0
end_of_record
TN:
SF:src/scanners/GitScanner.ts
FN:49,(anonymous_0)
FN:51,(anonymous_1)
FN:89,(anonymous_2)
FN:104,(anonymous_3)
FN:114,(anonymous_4)
FN:125,(anonymous_5)
FN:126,(anonymous_6)
FN:138,(anonymous_7)
FN:140,(anonymous_8)
FN:150,(anonymous_9)
FN:203,(anonymous_10)
FN:229,(anonymous_11)
FN:270,(anonymous_12)
FN:278,(anonymous_13)
FNF:14
FNH:0
FNDA:0,(anonymous_0)
FNDA:0,(anonymous_1)
FNDA:0,(anonymous_2)
FNDA:0,(anonymous_3)
FNDA:0,(anonymous_4)
FNDA:0,(anonymous_5)
FNDA:0,(anonymous_6)
FNDA:0,(anonymous_7)
FNDA:0,(anonymous_8)
FNDA:0,(anonymous_9)
FNDA:0,(anonymous_10)
FNDA:0,(anonymous_11)
FNDA:0,(anonymous_12)
FNDA:0,(anonymous_13)
DA:1,0
DA:2,0
DA:3,0
DA:4,0
DA:5,0
DA:9,0
DA:14,0
DA:50,0
DA:51,0
DA:52,0
DA:54,0
DA:63,0
DA:72,0
DA:84,0
DA:94,0
DA:95,0
DA:96,0
DA:105,0
DA:106,0
DA:109,0
DA:110,0
DA:114,0
DA:115,0
DA:116,0
DA:126,0
DA:127,0
DA:128,0
DA:130,0
DA:139,0
DA:140,0
DA:155,0
DA:157,0
DA:158,0
DA:160,0
DA:161,0
DA:162,0
DA:165,0
DA:166,0
DA:170,0
DA:171,0
DA:175,0
DA:180,0
DA:195,0
DA:204,0
DA:205,0
DA:208,0
DA:209,0
DA:210,0
DA:211,0
DA:213,0
DA:214,0
DA:215,0
DA:218,0
DA:220,0
DA:221,0
DA:233,0
DA:234,0
DA:236,0
DA:237,0
DA:238,0
DA:242,0
DA:243,0
DA:244,0
DA:245,0
DA:260,0
DA:271,0
DA:279,0
LF:67
LH:0
BRDA:55,0,0,0
BRDA:55,0,1,0
BRDA:55,0,2,0
BRDA:55,0,3,0
BRDA:55,0,4,0
BRDA:55,0,5,0
BRDA:90,1,0,0
BRDA:91,2,0,0
BRDA:96,3,0,0
BRDA:96,3,1,0
BRDA:110,4,0,0
BRDA:110,4,1,0
BRDA:127,5,0,0
BRDA:161,6,0,0
BRDA:161,6,1,0
BRDA:165,7,0,0
BRDA:170,8,0,0
BRDA:170,9,0,0
BRDA:170,9,1,0
BRDA:189,10,0,0
BRDA:189,10,1,0
BRDA:204,11,0,0
BRDA:242,12,0,0
BRF:23
BRH:0
end_of_record
TN:
SF:src/scanners/PatternScanner.ts
FN:13,(anonymous_0)
FN:24,(anonymous_1)
FN:78,(anonymous_2)
FN:88,(anonymous_3)
FN:100,(anonymous_4)
FN:105,(anonymous_5)
FNF:6
FNH:5
FNDA:12,(anonymous_0)
FNDA:7,(anonymous_1)
FNDA:7,(anonymous_2)
FNDA:158,(anonymous_3)
FNDA:6,(anonymous_4)
FNDA:0,(anonymous_5)
DA:1,2
DA:4,2
DA:9,2
DA:14,12
DA:15,12
DA:25,7
DA:27,7
DA:29,9
DA:33,9
DA:35,9
DA:36,7
DA:37,7
DA:40,7
DA:41,1
DA:45,6
DA:46,0
DA:50,6
DA:55,6
DA:70,7
DA:79,7
DA:80,7
DA:83,7
DA:84,315
DA:88,7
DA:89,158
DA:90,158
DA:101,6
DA:102,6
DA:106,0
LF:29
LH:27
BRDA:13,0,0,0
BRDA:15,1,0,12
BRDA:15,1,1,12
BRDA:29,2,0,9
BRDA:29,2,1,0
BRDA:30,3,0,0
BRDA:30,3,1,9
BRDA:36,4,0,7
BRDA:36,4,1,7
BRDA:40,5,0,1
BRDA:45,6,0,0
BRDA:45,7,0,6
BRDA:45,7,1,1
BRDA:63,8,0,6
BRDA:63,8,1,4
BRDA:64,9,0,6
BRDA:64,9,1,4
BRDA:84,10,0,315
BRDA:84,10,1,158
BRF:19
BRH:15
end_of_record
TN:
SF:src/scanners/TokenPatterns.ts
FN:15,(anonymous_0)
FN:107,(anonymous_1)
FN:116,(anonymous_2)
FN:125,(anonymous_3)
FNF:4
FNH:1
FNDA:6,(anonymous_0)
FNDA:0,(anonymous_1)
FNDA:0,(anonymous_2)
FNDA:0,(anonymous_3)
DA:6,1
DA:16,6
DA:17,6
DA:18,6
DA:19,6
DA:20,6
DA:22,6
DA:108,0
DA:117,0
DA:126,0
LF:10
LH:7
BRDA:117,0,0,0
BRDA:117,0,1,0
BRF:2
BRH:0
end_of_record
TN:
SF:src/storage/TokenStore.ts
FN:41,(anonymous_1)
FN:54,(anonymous_2)
FN:84,(anonymous_3)
FN:114,(anonymous_4)
FN:134,(anonymous_5)
FN:151,(anonymous_6)
FN:164,(anonymous_7)
FN:176,(anonymous_8)
FN:185,(anonymous_9)
FN:187,(anonymous_10)
FN:198,(anonymous_11)
FN:217,(anonymous_12)
FN:233,(anonymous_13)
FNF:13
FNH:11
FNDA:5,(anonymous_1)
FNDA:5,(anonymous_2)
FNDA:3,(anonymous_3)
FNDA:3,(anonymous_4)
FNDA:0,(anonymous_5)
FNDA:1,(anonymous_6)
FNDA:2,(anonymous_7)
FNDA:0,(anonymous_8)
FNDA:2,(anonymous_9)
FNDA:6,(anonymous_10)
FNDA:11,(anonymous_11)
FNDA:8,(anonymous_12)
FNDA:2,(anonymous_13)
DA:1,2
DA:32,2
DA:42,5
DA:43,5
DA:44,5
DA:55,5
DA:57,5
DA:60,5
DA:69,5
DA:71,5
DA:73,0
DA:85,3
DA:86,3
DA:87,3
DA:88,0
DA:92,3
DA:95,3
DA:96,3
DA:97,0
DA:101,3
DA:103,3
DA:105,0
DA:115,3
DA:116,3
DA:117,1
DA:121,2
DA:123,2
DA:135,0
DA:136,0
DA:137,0
DA:141,0
DA:152,1
DA:153,1
DA:154,1
DA:155,1
DA:165,2
DA:166,2
DA:167,2
DA:169,2
DA:177,0
DA:186,2
DA:187,6
DA:189,0
DA:199,11
DA:207,11
DA:208,0
DA:218,8
DA:219,8
DA:220,8
DA:222,8
DA:223,8
DA:225,8
DA:234,2
DA:235,2
DA:236,2
DA:237,2
DA:239,2
DA:240,2
DA:242,2
LF:59
LH:48
BRDA:84,0,0,3
BRDA:87,1,0,0
BRDA:96,2,0,0
BRDA:116,3,0,1
BRDA:136,4,0,0
BRDA:153,5,0,1
BRDA:166,6,0,2
BRDA:186,7,0,2
BRDA:207,8,0,0
BRF:9
BRH:5
end_of_record
TN:
SF:src/utils/Logger.ts
FN:10,(anonymous_0)
FN:12,(anonymous_1)
FN:18,(anonymous_2)
FN:24,(anonymous_3)
FN:30,(anonymous_4)
FN:36,(anonymous_5)
FN:41,(anonymous_6)
FNF:7
FNH:5
FNDA:18,(anonymous_0)
FNDA:4,(anonymous_1)
FNDA:11,(anonymous_2)
FNDA:0,(anonymous_3)
FNDA:0,(anonymous_4)
FNDA:15,(anonymous_5)
FNDA:11,(anonymous_6)
DA:9,5
DA:10,18
DA:13,4
DA:14,0
DA:19,11
DA:20,11
DA:25,0
DA:26,0
DA:31,0
DA:32,0
DA:37,15
DA:38,15
DA:42,11
DA:43,11
DA:44,11
LF:15
LH:10
BRDA:10,0,0,0
BRDA:13,1,0,0
BRDA:19,2,0,11
BRDA:25,3,0,0
BRDA:31,4,0,0
BRDA:43,5,0,0
BRDA:43,5,1,11
BRF:7
BRH:2
end_of_record
TN:
SF:src/validation/TokenValidator.ts
FN:55,(anonymous_0)
FN:64,(anonymous_1)
FN:74,(anonymous_2)
FN:85,(anonymous_3)
FN:99,(anonymous_4)
FN:152,(anonymous_5)
FNF:6
FNH:0
FNDA:0,(anonymous_0)
FNDA:0,(anonymous_1)
FNDA:0,(anonymous_2)
FNDA:0,(anonymous_3)
FNDA:0,(anonymous_4)
FNDA:0,(anonymous_5)
DA:1,1
DA:45,1
DA:47,0
DA:56,0
DA:65,0
DA:66,0
DA:69,0
DA:70,0
DA:74,0
DA:75,0
DA:76,0
DA:86,0
DA:100,0
DA:101,0
DA:103,0
DA:104,0
DA:105,0
DA:106,0
DA:107,0
DA:111,0
DA:112,0
DA:113,0
DA:115,0
DA:116,0
DA:120,0
DA:121,0
DA:128,0
DA:129,0
DA:130,0
DA:131,0
DA:135,0
DA:141,0
DA:142,0
DA:153,0
DA:154,0
DA:155,0
DA:161,0
DA:162,0
DA:164,0
DA:165,0
DA:169,0
DA:170,0
DA:174,0
DA:175,0
DA:176,0
DA:177,0
DA:178,0
DA:184,0
DA:185,0
DA:186,0
DA:187,0
DA:188,0
DA:192,0
DA:193,0
DA:194,0
DA:195,0
DA:198,0
DA:203,0
DA:204,0
DA:205,0
DA:206,0
DA:207,0
DA:208,0
DA:209,0
DA:214,0
DA:215,0
DA:217,0
DA:220,0
LF:68
LH:2
BRDA:56,0,0,0
BRDA:56,0,1,0
BRDA:70,1,0,0
BRDA:70,1,1,0
BRDA:105,2,0,0
BRDA:112,3,0,0
BRDA:115,4,0,0
BRDA:128,5,0,0
BRDA:128,6,0,0
BRDA:128,6,1,0
BRDA:130,7,0,0
BRDA:141,8,0,0
BRDA:141,8,1,0
BRDA:152,9,0,0
BRDA:161,10,0,0
BRDA:161,11,0,0
BRDA:161,11,1,0
BRDA:164,12,0,0
BRDA:164,13,0,0
BRDA:164,13,1,0
BRDA:169,14,0,0
BRDA:169,15,0,0
BRDA:169,15,1,0
BRDA:174,16,0,0
BRDA:174,17,0,0
BRDA:174,17,1,0
BRDA:177,18,0,0
BRDA:184,19,0,0
BRDA:184,20,0,0
BRDA:184,20,1,0
BRDA:192,21,0,0
BRDA:194,22,0,0
BRDA:198,23,0,0
BRDA:198,23,1,0
BRDA:203,24,0,0
BRDA:204,25,0,0
BRDA:204,25,1,0
BRDA:206,26,0,0
BRDA:206,26,1,0
BRDA:208,27,0,0
BRDA:214,28,0,0
BRDA:214,28,1,0
BRF:42
BRH:0
end_of_record
